<?xml version="1.0" encoding="UTF-8"?>
<testsuite xmlns:xsi="http://www.w3.org/2001/XMLSchema-instance" xsi:noNamespaceSchemaLocation="https://maven.apache.org/surefire/maven-surefire-plugin/xsd/surefire-test-report.xsd" version="3.0.2" name="com.example.SqlToSpring.SqlToSpringApplicationTests" time="3.932" tests="1" errors="0" skipped="0" failures="0">
  <properties>
[...]
</properties>
  <testcase name="contextLoads" classname="com.example.SqlToSpring.SqlToSpringApplicationTests" time="0.975">
    <system-out><![CDATA[14:06:58.499 [main] INFO org.springframework.test.context.support.AnnotationConfigContextLoaderUtils -- Could not detect default configuration classes for test class [com.example.SqlToSpring.SqlToSpringApplicationTests]: SqlToSpringApplicationTests does not declare any static, non-private, non-final, nested classes annotated with @Configuration.
14:06:58.646 [main] INFO org.springframework.boot.test.context.SpringBootTestContextBootstrapper -- Found @SpringBootConfiguration com.example.SqlToSpringApplication for test class com.example.SqlToSpring.SqlToSpringApplicationTests

  .   ____          _            __ _ _
 /\\ / ___'_ __ _ _(_)_ __  __ _ \ \ \ \
( ( )\___ | '_ | '_| | '_ \/ _` | \ \ \ \
 \\/  ___)| |_)| | | | | || (_| |  ) ) ) )
  '  |____| .__|_| |_|_| |_\__, | / / / /
 =========|_|==============|___/=/_/_/_/

 :: Spring Boot ::                (v3.4.0)

2024-12-19T14:06:59.262+05:30  INFO 5956 --- [SqlToSpring] [           main] c.e.S.SqlToSpringApplicationTests        : Starting SqlToSpringApplicationTests using Java 21.0.5 with PID 5956 (started by shubham.soni in C:\Users\shubham.soni\Desktop\sqltospring)
2024-12-19T14:06:59.264+05:30  INFO 5956 --- [SqlToSpring] [           main] c.e.S.SqlToSpringApplicationTests        : No active profile set, falling back to 1 default profile: "default"
2024-12-19T14:07:01.206+05:30  INFO 5956 --- [SqlToSpring] [           main] c.e.S.SqlToSpringApplicationTests        : Started SqlToSpringApplicationTests in 2.346 seconds (process running for 3.587)
]]></system-out>
    <system-err><![CDATA[Mockito is currently self-attaching to enable the inline-mock-maker. This will no longer work in future releases of the JDK. Please add Mockito as an agent to your build what is described in Mockito's documentation: https://javadoc.io/doc/org.mockito/mockito-core/latest/org/mockito/Mockito.html#0.3
WARNING: A Java agent has been loaded dynamically (C:\Users\shubham.soni\.m2\repository\net\bytebuddy\byte-buddy-agent\1.15.10\byte-buddy-agent-1.15.10.jar)
WARNING: If a serviceability tool is in use, please run with -XX:+EnableDynamicAgentLoading to hide this warning
WARNING: If a serviceability tool is not in use, please run with -Djdk.instrument.traceUsage for more information
WARNING: Dynamic loading of agents will be disallowed by default in a future release
]]></system-err>
  </testcase>
</testsuite>